0 info it worked if it ends with ok
1 verbose cli [ '/usr/bin/node', '/usr/bin/npm', 'run', 'test' ]
2 info using npm@3.10.10
3 info using node@v6.11.5
4 verbose run-script [ 'pretest', 'test', 'posttest' ]
5 info lifecycle expresso@1.0.0~pretest: expresso@1.0.0
6 silly lifecycle expresso@1.0.0~pretest: no script for pretest, continuing
7 info lifecycle expresso@1.0.0~test: expresso@1.0.0
8 verbose lifecycle expresso@1.0.0~test: unsafe-perm in lifecycle true
9 verbose lifecycle expresso@1.0.0~test: PATH: /usr/lib/node_modules/npm/bin/node-gyp-bin:/home/dagmar/Arbeitsfläche/Build APIs from Scratch/capstone-project-2-expresso/node_modules/.bin:/usr/local/sbin:/usr/local/bin:/usr/sbin:/usr/bin:/sbin:/bin:/usr/games:/usr/local/games:/snap/bin:/snap/bin
10 verbose lifecycle expresso@1.0.0~test: CWD: /home/dagmar/Arbeitsfläche/Build APIs from Scratch/capstone-project-2-expresso
11 silly lifecycle expresso@1.0.0~test: Args: [ '-c', 'mocha --watch' ]
12 silly lifecycle expresso@1.0.0~test: Returned: code: 1  signal: null
13 info lifecycle expresso@1.0.0~test: Failed to exec test script
14 verbose stack Error: expresso@1.0.0 test: `mocha --watch`
14 verbose stack Exit status 1
14 verbose stack     at EventEmitter.<anonymous> (/usr/lib/node_modules/npm/lib/utils/lifecycle.js:255:16)
14 verbose stack     at emitTwo (events.js:106:13)
14 verbose stack     at EventEmitter.emit (events.js:191:7)
14 verbose stack     at ChildProcess.<anonymous> (/usr/lib/node_modules/npm/lib/utils/spawn.js:40:14)
14 verbose stack     at emitTwo (events.js:106:13)
14 verbose stack     at ChildProcess.emit (events.js:191:7)
14 verbose stack     at maybeClose (internal/child_process.js:920:16)
14 verbose stack     at Process.ChildProcess._handle.onexit (internal/child_process.js:230:5)
15 verbose pkgid expresso@1.0.0
16 verbose cwd /home/dagmar/Arbeitsfläche/Build APIs from Scratch/capstone-project-2-expresso
17 error Linux 4.4.0-97-generic
18 error argv "/usr/bin/node" "/usr/bin/npm" "run" "test"
19 error node v6.11.5
20 error npm  v3.10.10
21 error code ELIFECYCLE
22 error expresso@1.0.0 test: `mocha --watch`
22 error Exit status 1
23 error Failed at the expresso@1.0.0 test script 'mocha --watch'.
23 error Make sure you have the latest version of node.js and npm installed.
23 error If you do, this is most likely a problem with the expresso package,
23 error not with npm itself.
23 error Tell the author that this fails on your system:
23 error     mocha --watch
23 error You can get information on how to open an issue for this project with:
23 error     npm bugs expresso
23 error Or if that isn't available, you can get their info via:
23 error     npm owner ls expresso
23 error There is likely additional logging output above.
24 verbose exit [ 1, true ]
